<component name="ArtifactManager">
  <artifact type="jar" name="JUnitExample:jar">
    <output-path>$PROJECT_DIR$/out/artifacts/JUnitExample_jar</output-path>
    <root id="archive" name="JUnitExample.jar">
      <element id="module-output" name="JUnitExample" />
    </root>
  </artifact>
</component>